<?xml version="1.0" encoding="UTF-8"?>
<!-- Generated by org.testng.reporters.JUnitReportReporter -->
<testsuite hostname="VuCongLong" failures="0" tests="3" name="com.qa.selection04.testBeforeandAfter$testFormSanity" time="0.046" errors="0" timestamp="2023-11-01T11:37:06 ICT" skipped="0">
  <testcase classname="com.qa.selection04.testBeforeandAfter$testFormSanity" name="test3" time="0.011"/>
  <testcase classname="com.qa.selection04.testBeforeandAfter$testFormSanity" name="test1" time="0.029"/>
  <testcase classname="com.qa.selection04.testBeforeandAfter$testFormSanity" name="test2" time="0.006"/>
</testsuite> <!-- com.qa.selection04.testBeforeandAfter$testFormSanity -->
