<?xml version="1.0" encoding="UTF-8"?>
<!-- Generated by org.testng.reporters.JUnitReportReporter -->
<testsuite hostname="VuCongLong" failures="0" tests="3" name="com.qa.selection04.testFormSanity" time="0.064" errors="0" timestamp="2023-11-01T11:35:57 ICT" skipped="0">
  <testcase classname="com.qa.selection04.testFormSanity" name="test1" time="0.053"/>
  <testcase classname="com.qa.selection04.testFormSanity" name="test3" time="0.007"/>
  <testcase classname="com.qa.selection04.testFormSanity" name="test2" time="0.004"/>
</testsuite> <!-- com.qa.selection04.testFormSanity -->
