<?xml version="1.0" encoding="UTF-8"?>
<!-- Generated by org.testng.reporters.JUnitReportReporter -->
<testsuite hostname="VuCongLong" failures="0" tests="2" name="com.qa.selection03.anton" time="91.581" errors="0" timestamp="2023-11-07T12:04:10 ICT" skipped="0">
  <testcase classname="com.qa.selection03.anton" name="test_form_softsanity" time="29.268"/>
  <testcase classname="com.qa.selection03.anton" name="test_form_hardsanity" time="62.313"/>
</testsuite> <!-- com.qa.selection03.anton -->
