<?xml version="1.0" encoding="UTF-8"?>
<!-- Generated by org.testng.reporters.JUnitReportReporter -->
<testsuite hostname="VuCongLong" failures="0" tests="2" name="com.qa.selection04.sudungDataprovieder" time="0.038" errors="0" timestamp="2023-11-02T11:43:06 ICT" skipped="0">
  <testcase classname="com.qa.selection04.sudungDataprovieder" name="loginTest" time="0.002"/>
  <testcase classname="com.qa.selection04.sudungDataprovieder" name="loginTest" time="0.036"/>
</testsuite> <!-- com.qa.selection04.sudungDataprovieder -->
